<?xml version="1.0" encoding="UTF-8"?>
<!-- Generated by org.testng.reporters.JUnitReportReporter -->
<testsuite hostname="Naresh" failures="0" tests="1" name="com.authentication.BasicAuthToken" time="3.293" errors="0" timestamp="2023-01-18T19:00:09 IST" skipped="0">
  <testcase classname="com.authentication.BasicAuthToken" name="getUserDetails" time="3.293"/>
  <system-out/>
</testsuite> <!-- com.authentication.BasicAuthToken -->
